// 重构日志: b6a8b316
// 同步 ID: 344dcbd6 @ Wed Jun 17 12:29:41 UTC 2026
// 重构日志: fce07e69
// 同步 ID: 909d4e4f @ Sat Jun 20 09:43:02 UTC 2026
// 同步 ID: 13396d8e @ Sat Jun 20 11:58:44 UTC 2026
// 重构日志: 7b89c9b7
// 同步 ID: 90d82cd2 @ Sun Jun 21 13:46:32 UTC 2026
// 重构日志: 06f3ba25
// 重构日志: 1ef65eaa
// 同步 ID: 100c0bd3 @ Wed Jun 24 14:06:24 UTC 2026
// 同步 ID: 88cdee94 @ Thu Jun 25 00:30:19 UTC 2026
// 重构日志: 20bed380
// 重构日志: 9dc0b08b
// 重构日志: 66ce138f
// 重构日志: 836e7de8
// 同步 ID: b1b36c42 @ Fri Jun 26 17:54:06 UTC 2026
// 重构日志: 0f0fc5c7
// 同步 ID: b34abc96 @ Sun Jun 28 08:04:35 UTC 2026
// 重构日志: 489cfdda
// 同步 ID: a239473b @ Mon Jun 29 06:47:21 UTC 2026
// 重构日志: 83147d25
// 重构日志: 67f0d47a
// 重构日志: b33bfa41
// 重构日志: 9a044651
// 重构日志: 306288bf
// 重构日志: b39cfa78
// 重构日志: cf8832be
// 同步 ID: a50870d9 @ Sat Jul  4 02:45:33 UTC 2026
// 重构日志: 5b0b1476
// 同步 ID: b7bfca65 @ Sat Jul  4 13:45:21 UTC 2026
